<?xml version="1.0" encoding="UTF-8"?>
<testsuite xmlns:xsi="http://www.w3.org/2001/XMLSchema-instance" xsi:noNamespaceSchemaLocation="https://maven.apache.org/surefire/maven-surefire-plugin/xsd/surefire-test-report-3.0.xsd" version="3.0" name="com.photogai.modules.ai.AiCommServiceTest" time="6.268" tests="3" errors="0" skipped="0" failures="0">
  <properties>
[...]
</properties>
  <testcase name="generateFallsBackToRuleTemplateWhenLlmUnavailable" classname="com.photogai.modules.ai.AiCommServiceTest" time="6.221">
    <system-out><![CDATA[09:46:55.065 [main] WARN com.photogai.modules.ai.AiCommService -- LLM 沟通助手不可用，降级为规则模板：LLM api-key 未配置
]]></system-out>
  </testcase>
  <testcase name="generateRequiresProAndRejectsFreeStudio" classname="com.photogai.modules.ai.AiCommServiceTest" time="0.006"/>
  <testcase name="generateRepurchaseReusesSameEndpoint" classname="com.photogai.modules.ai.AiCommServiceTest" time="0.005">
    <system-out><![CDATA[09:46:55.105 [main] WARN com.photogai.modules.ai.AiCommService -- LLM 沟通助手不可用，降级为规则模板：LLM 不可用
]]></system-out>
  </testcase>
</testsuite>